########### IMPORTING DATA ###############
Data: 196_J12_POPC_30CHOL_R4
########### MODEL PARAMETERS ###############
poly_pr_lip     : initial = 0.10000   , min = 0.00000   , max = 1.00000   , fit =       0.31392 +/- 0.00823     (2.6 %)
scale_V_poly0   : initial = 0.70000   , min = 0.50000   , max = 2.00000   , fit =       0.94382 +/- 0.00132     (0.1 %)
N_lip           : initial = 100.00000 , min = 5.00000   , max = 400.00000 , fit =       5.91480 +/- 0.20536     (3.5 %)
eps             : initial = 1.50000   , min = 1.00000   , max = 5.00000   , fit =       3.28876 +/- 0.02434     (0.7 %)
scale           : initial = 0.03942   , min = 0.01000   , max = 1000.00000, fit =       0.03425 +/- 0.00006     (0.2 %)
background      : initial = 0.00000   , min = -0.10000  , max = 0.10000   , fit =       0.00117 +/- 0.00001     (1.0 %)
Chi2r = 5.82
########### DERIVED PARAMETERS ###############
r = 8.00082     
R = 22.24133    
h = 36.26315    
l = 36.26315    
L = 51.64101    
dp_h = 0.11663     
dp_t = -0.04081    
dp_b = 0.01625     
V_poly = 649.35005   
N_poly = 75.55699    
T = 14.24051    
