########### IMPORTING DATA ###############
Data: 154_J5_POPC_20CHOL_R8
########### MODEL PARAMETERS ###############
poly_pr_lip     : initial = 0.10000   , min = 0.00000   , max = 1.00000   , fit =       0.18498 +/- 0.00459     (2.5 %)
scale_V_poly0   : initial = 0.70000   , min = 0.50000   , max = 2.00000   , fit =       0.79270 +/- 0.00297     (0.4 %)
N_lip           : initial = 100.00000 , min = 5.00000   , max = 400.00000 , fit =      20.44169 +/- 0.21651     (1.1 %)
eps             : initial = 1.50000   , min = 1.00000   , max = 5.00000   , fit =       2.25945 +/- 0.00985     (0.4 %)
scale           : initial = 0.06276   , min = 0.01000   , max = 1000.00000, fit =       0.06160 +/- 0.00006     (0.1 %)
background      : initial = 0.00000   , min = -0.10000  , max = 0.10000   , fit =       0.00089 +/- 0.00001     (1.1 %)
Chi2r = 13.63
########### DERIVED PARAMETERS ###############
r = 14.87383    
R = 28.16007    
h = 33.83312    
l = 33.83312    
L = 46.18271    
dp_h = 0.15726     
dp_t = -0.03962    
dp_b = 0.08289     
V_poly = 545.37519   
N_poly = 111.43181   
T = 13.28624    
